\BOOKMARK [1][-]{section.2}{Descriptif du syst\350me : document animateur}{}% 1
\BOOKMARK [2][-]{subsection.3}{Pr\351sentation du fonctionnement \(circuit complet\)}{section.2}% 2
\BOOKMARK [2][-]{subsection.5}{Apport d'\351nergie}{section.2}% 3
\BOOKMARK [2][-]{subsection.7}{\311lectrolyse de l'eau}{section.2}% 4
\BOOKMARK [3][-]{subsubsection.8}{Pr\351sentation th\351orique}{subsection.7}% 5
\BOOKMARK [3][-]{subsubsection.13}{Sch\351ma d'un \351lectrolyseur}{subsection.7}% 6
\BOOKMARK [2][-]{subsection.15}{Fonctionnement de la pile}{section.2}% 7
\BOOKMARK [2][-]{subsection.21}{Les difficult\351s exp\351rimentales.}{section.2}% 8
\BOOKMARK [3][-]{subsubsection.22}{Les difficult\351s}{subsection.21}% 9
\BOOKMARK [3][-]{subsubsection.23}{Quelques solutions}{subsection.21}% 10
\BOOKMARK [3][-]{subsubsection.25}{Bilan}{subsection.21}% 11
\BOOKMARK [1][-]{section.26}{Descriptif du contenu p\351dagogique de mode d'emploi en cours d'atelier}{}% 12
\BOOKMARK [2][-]{subsection.27}{\311lectrolyse de l'eau}{section.26}% 13
\BOOKMARK [3][-]{subsubsection.28}{Compr\351hension du fonctionnement}{subsection.27}% 14
\BOOKMARK [3][-]{subsubsection.32}{L'\351lectrolyse}{subsection.27}% 15
\BOOKMARK [3][-]{subsubsection.33}{Quelles sources d'\351nergie externe ?}{subsection.27}% 16
\BOOKMARK [3][-]{subsubsection.35}{Objectifs de la partie}{subsection.27}% 17
\BOOKMARK [2][-]{subsection.36}{Fonctionnement de la pile}{section.26}% 18
\BOOKMARK [3][-]{subsubsection.37}{Introduction}{subsection.36}% 19
\BOOKMARK [3][-]{subsubsection.39}{Manipulations envisageables}{subsection.36}% 20
\BOOKMARK [2][-]{subsection.40}{Bilan}{section.26}% 21
\BOOKMARK [1][-]{section.41}{Applications et avantages de la pile \340 hydrog\350ne}{}% 22
